<?xml version="1.0" encoding="UTF-8"?>
<testng-results ignored="0" total="9" passed="9" failed="0" skipped="0">
  <reporter-output>
  </reporter-output>
  <suite started-at="2021-11-22T11:38:48 IST" name="Suite" finished-at="2021-11-22T11:43:38 IST" duration-ms="290011">
    <groups>
      <group name="cucumber">
        <method signature="AbstractTestNGCucumberTests.runScenario(io.cucumber.testng.PickleWrapper,io.cucumber.testng.FeatureWrapper)[pri:0, instance:runner.TestRunner@537f60bf]" name="runScenario" class="io.cucumber.testng.AbstractTestNGCucumberTests"/>
      </group> <!-- cucumber -->
    </groups>
    <test started-at="2021-11-22T11:38:48 IST" name="Test" finished-at="2021-11-22T11:43:38 IST" duration-ms="290011">
      <class name="runner.TestRunner">
        <test-method is-config="true" signature="setUpClass(org.testng.ITestContext)[pri:0, instance:runner.TestRunner@537f60bf]" started-at="2021-11-22T11:38:48 IST" name="setUpClass" finished-at="2021-11-22T11:38:49 IST" duration-ms="1255" status="PASS">
          <params>
            <param index="0">
              <value>
                <![CDATA[org.testng.TestRunner@8d8f754]]>
              </value>
            </param>
          </params>
          <reporter-output>
          </reporter-output>
        </test-method> <!-- setUpClass -->
        <test-method signature="runScenario(io.cucumber.testng.PickleWrapper,io.cucumber.testng.FeatureWrapper)[pri:0, instance:runner.TestRunner@537f60bf]" started-at="2021-11-22T11:38:49 IST" name="runScenario" description="Runs Cucumber Scenarios" data-provider="scenarios" finished-at="2021-11-22T11:39:23 IST" duration-ms="33808" status="PASS">
          <params>
            <param index="0">
              <value>
                <![CDATA["Test Validating"]]>
              </value>
            </param>
            <param index="1">
              <value>
                <![CDATA["Optional[Testing Bigsmall]"]]>
              </value>
            </param>
          </params>
          <reporter-output>
          </reporter-output>
        </test-method> <!-- runScenario -->
        <test-method signature="runScenario(io.cucumber.testng.PickleWrapper,io.cucumber.testng.FeatureWrapper)[pri:0, instance:runner.TestRunner@537f60bf]" started-at="2021-11-22T11:39:23 IST" name="runScenario" description="Runs Cucumber Scenarios" data-provider="scenarios" finished-at="2021-11-22T11:39:43 IST" duration-ms="20160" status="PASS">
          <params>
            <param index="0">
              <value>
                <![CDATA["Test Validating"]]>
              </value>
            </param>
            <param index="1">
              <value>
                <![CDATA["Optional[Testing Bigsmall]"]]>
              </value>
            </param>
          </params>
          <reporter-output>
          </reporter-output>
        </test-method> <!-- runScenario -->
        <test-method signature="runScenario(io.cucumber.testng.PickleWrapper,io.cucumber.testng.FeatureWrapper)[pri:0, instance:runner.TestRunner@537f60bf]" started-at="2021-11-22T11:39:43 IST" name="runScenario" description="Runs Cucumber Scenarios" data-provider="scenarios" finished-at="2021-11-22T11:40:35 IST" duration-ms="52127" status="PASS">
          <params>
            <param index="0">
              <value>
                <![CDATA["Searching"]]>
              </value>
            </param>
            <param index="1">
              <value>
                <![CDATA["Optional[Testing Bigsmall]"]]>
              </value>
            </param>
          </params>
          <reporter-output>
          </reporter-output>
        </test-method> <!-- runScenario -->
        <test-method signature="runScenario(io.cucumber.testng.PickleWrapper,io.cucumber.testng.FeatureWrapper)[pri:0, instance:runner.TestRunner@537f60bf]" started-at="2021-11-22T11:40:35 IST" name="runScenario" description="Runs Cucumber Scenarios" data-provider="scenarios" finished-at="2021-11-22T11:41:08 IST" duration-ms="32261" status="PASS">
          <params>
            <param index="0">
              <value>
                <![CDATA["pincode checking"]]>
              </value>
            </param>
            <param index="1">
              <value>
                <![CDATA["Optional[Testing Bigsmall]"]]>
              </value>
            </param>
          </params>
          <reporter-output>
          </reporter-output>
        </test-method> <!-- runScenario -->
        <test-method signature="runScenario(io.cucumber.testng.PickleWrapper,io.cucumber.testng.FeatureWrapper)[pri:0, instance:runner.TestRunner@537f60bf]" started-at="2021-11-22T11:41:08 IST" name="runScenario" description="Runs Cucumber Scenarios" data-provider="scenarios" finished-at="2021-11-22T11:41:34 IST" duration-ms="26300" status="PASS">
          <params>
            <param index="0">
              <value>
                <![CDATA["Wish List"]]>
              </value>
            </param>
            <param index="1">
              <value>
                <![CDATA["Optional[Testing Bigsmall]"]]>
              </value>
            </param>
          </params>
          <reporter-output>
          </reporter-output>
        </test-method> <!-- runScenario -->
        <test-method signature="runScenario(io.cucumber.testng.PickleWrapper,io.cucumber.testng.FeatureWrapper)[pri:0, instance:runner.TestRunner@537f60bf]" started-at="2021-11-22T11:41:34 IST" name="runScenario" description="Runs Cucumber Scenarios" data-provider="scenarios" finished-at="2021-11-22T11:42:04 IST" duration-ms="29894" status="PASS">
          <params>
            <param index="0">
              <value>
                <![CDATA["Marvel Links"]]>
              </value>
            </param>
            <param index="1">
              <value>
                <![CDATA["Optional[Testing Bigsmall]"]]>
              </value>
            </param>
          </params>
          <reporter-output>
          </reporter-output>
        </test-method> <!-- runScenario -->
        <test-method signature="runScenario(io.cucumber.testng.PickleWrapper,io.cucumber.testng.FeatureWrapper)[pri:0, instance:runner.TestRunner@537f60bf]" started-at="2021-11-22T11:42:04 IST" name="runScenario" description="Runs Cucumber Scenarios" data-provider="scenarios" finished-at="2021-11-22T11:42:30 IST" duration-ms="26423" status="PASS">
          <params>
            <param index="0">
              <value>
                <![CDATA["Footer"]]>
              </value>
            </param>
            <param index="1">
              <value>
                <![CDATA["Optional[Testing Bigsmall]"]]>
              </value>
            </param>
          </params>
          <reporter-output>
          </reporter-output>
        </test-method> <!-- runScenario -->
        <test-method signature="runScenario(io.cucumber.testng.PickleWrapper,io.cucumber.testng.FeatureWrapper)[pri:0, instance:runner.TestRunner@537f60bf]" started-at="2021-11-22T11:42:30 IST" name="runScenario" description="Runs Cucumber Scenarios" data-provider="scenarios" finished-at="2021-11-22T11:43:00 IST" duration-ms="29261" status="PASS">
          <params>
            <param index="0">
              <value>
                <![CDATA["AddtoWishlist"]]>
              </value>
            </param>
            <param index="1">
              <value>
                <![CDATA["Optional[Testing Bigsmall]"]]>
              </value>
            </param>
          </params>
          <reporter-output>
          </reporter-output>
        </test-method> <!-- runScenario -->
        <test-method signature="runScenario(io.cucumber.testng.PickleWrapper,io.cucumber.testng.FeatureWrapper)[pri:0, instance:runner.TestRunner@537f60bf]" started-at="2021-11-22T11:43:00 IST" name="runScenario" description="Runs Cucumber Scenarios" data-provider="scenarios" finished-at="2021-11-22T11:43:38 IST" duration-ms="38406" status="PASS">
          <params>
            <param index="0">
              <value>
                <![CDATA["MouseHover"]]>
              </value>
            </param>
            <param index="1">
              <value>
                <![CDATA["Optional[Testing Bigsmall]"]]>
              </value>
            </param>
          </params>
          <reporter-output>
          </reporter-output>
        </test-method> <!-- runScenario -->
        <test-method is-config="true" signature="tearDownClass()[pri:0, instance:runner.TestRunner@537f60bf]" started-at="2021-11-22T11:43:38 IST" name="tearDownClass" finished-at="2021-11-22T11:43:38 IST" duration-ms="25" status="PASS">
          <reporter-output>
          </reporter-output>
        </test-method> <!-- tearDownClass -->
      </class> <!-- runner.TestRunner -->
    </test> <!-- Test -->
  </suite> <!-- Suite -->
</testng-results>
